07.05.2025 22:37:02: [ERROR] Query execution failed: Не удается открыть базу данных "FitnessClubDB", запрашиваемую именем входа. Не удалось выполнить вход.
При входе в систему пользователя "ARTEM\user" произошла ошибка.
Query: SELECT Id_abonement_type, abonement_type_name FROM Abonement_type
07.05.2025 22:38:33: [ERROR] Query execution failed: Не удается открыть базу данных "FitnessClubDB", запрашиваемую именем входа. Не удалось выполнить вход.
При входе в систему пользователя "ARTEM\user" произошла ошибка.
Query: SELECT Id_abonement_type, abonement_type_name FROM Abonement_type
07.05.2025 22:39:47: [ERROR] Query execution failed: Не удается открыть базу данных "FitnessClubDB", запрашиваемую именем входа. Не удалось выполнить вход.
При входе в систему пользователя "ARTEM\user" произошла ошибка.
Query: SELECT Id_abonement_type, abonement_type_name FROM Abonement_type
07.05.2025 22:40:43: [INFO] Query executed successfully: SELECT Id_abonement_type, abonement_type_name FROM Abonement_type
07.05.2025 22:40:43: [INFO] Query executed successfully: SELECT C.Id_customer, C.C_fullname, C.Customer_telefon_number, A.Id_abonement, AT.abonement_type_name
                                   FROM CUSTOMER C
                                   JOIN ABONEMENT A ON C.Id_abonement = A.Id_abonement
                                   JOIN Abonement_type AT ON A.Id_abonement_type = AT.Id_abonement_type
07.05.2025 22:40:52: [INFO] Query executed successfully: SELECT T.Id_trainer, T.T_fullname, T.Trainer_telefon_number, S.Specialozation_name
                                   FROM TRAINER T
                                   JOIN Specialization S ON T.id_specialization = S.Id_specialization
07.05.2025 22:40:52: [INFO] Query executed successfully: SELECT T.Id_training_type, TT.training_type_name, T.Training_date, TR.T_fullname AS Trainer, C.C_fullname AS Customer
                                     FROM TRAINING T
                                     JOIN Training_type TT ON T.Id_training_type = TT.Id_training_type
                                     JOIN TRAINER TR ON T.Id_trainer = TR.Id_trainer
                                     JOIN CUSTOMER C ON T.Id_customer = C.Id_customer
07.05.2025 22:40:53: [INFO] Query executed successfully: SELECT A.Id_abonement, A.VALIDITY, AT.abonement_type_name
                                     FROM ABONEMENT A
                                     JOIN Abonement_type AT ON A.Id_abonement_type = AT.Id_abonement_type
07.05.2025 22:40:54: [INFO] Query executed successfully: SELECT Id_abonement_type, Abonement_price, abonement_type_name FROM Abonement_type
07.05.2025 22:40:54: [INFO] Query executed successfully: SELECT Id_training_type, training_type_name FROM Training_type
07.05.2025 22:40:55: [INFO] Query executed successfully: SELECT Id_specialization, Specialozation_name FROM Specialization
07.05.2025 22:40:56: [INFO] Parameterized query executed successfully: SELECT Id_specialization, Specialozation_name FROM Specialization WHERE Id_specialization = @id
07.05.2025 22:40:57: [INFO] Query executed successfully: SELECT T.Id_trainer, T.T_fullname, T.Trainer_telefon_number, S.Specialozation_name
                                   FROM TRAINER T
                                   JOIN Specialization S ON T.id_specialization = S.Id_specialization
07.05.2025 22:40:58: [INFO] Query executed successfully: SELECT C.Id_customer, C.C_fullname, C.Customer_telefon_number, A.Id_abonement, AT.abonement_type_name
                                   FROM CUSTOMER C
                                   JOIN ABONEMENT A ON C.Id_abonement = A.Id_abonement
                                   JOIN Abonement_type AT ON A.Id_abonement_type = AT.Id_abonement_type
07.05.2025 22:40:58: [INFO] Query executed successfully: SELECT Id_abonement, Id_abonement FROM ABONEMENT
07.05.2025 22:43:36: [INFO] Query executed successfully:   
                       SELECT abonement_type_name, COUNT(C.Id_customer) AS CustomerCount  
                       FROM Abonement_type AT  
                       JOIN ABONEMENT A ON AT.Id_abonement_type = A.Id_abonement_type  
                       JOIN CUSTOMER C ON A.Id_abonement = C.Id_abonement  
                       GROUP BY abonement_type_name
07.05.2025 22:43:50: [INFO] Query executed successfully: SELECT AVG(VALIDITY) AS AverageValidity FROM ABONEMENT
07.05.2025 22:43:53: [INFO] Query executed successfully: SELECT MIN(Abonement_price) AS MinPrice, MAX(Abonement_price) AS MaxPrice FROM Abonement_type
07.05.2025 22:43:57: [INFO] Query executed successfully: 
                SELECT C_fullname, Customer_telefon_number, Adress, abonement_type_name
                FROM CUSTOMER
                JOIN ABONEMENT ON CUSTOMER.Id_abonement = ABONEMENT.Id_abonement
                JOIN Abonement_type ON ABONEMENT.Id_abonement_type = Abonement_type.Id_abonement_type
07.05.2025 22:46:33: [INFO] Query executed successfully: 
                SELECT T_fullname, training_type_name, Training_date
                FROM TRAINER
                JOIN TRAINING ON TRAINER.Id_trainer = TRAINING.Id_trainer
                JOIN Training_type ON TRAINING.Id_training_type = Training_type.Id_training_type
                ORDER BY Training_date
07.05.2025 22:46:45: [INFO] Query executed successfully: SELECT Id_abonement_type, abonement_type_name FROM Abonement_type
07.05.2025 22:46:45: [INFO] Query executed successfully: SELECT C.Id_customer, C.C_fullname, C.Customer_telefon_number, A.Id_abonement, AT.abonement_type_name
                                   FROM CUSTOMER C
                                   JOIN ABONEMENT A ON C.Id_abonement = A.Id_abonement
                                   JOIN Abonement_type AT ON A.Id_abonement_type = AT.Id_abonement_type
07.05.2025 22:46:51: [INFO] Query executed successfully: SELECT T.Id_trainer, T.T_fullname, T.Trainer_telefon_number, S.Specialozation_name
                                   FROM TRAINER T
                                   JOIN Specialization S ON T.id_specialization = S.Id_specialization
07.05.2025 22:46:53: [INFO] Query executed successfully: SELECT T.Id_training_type, TT.training_type_name, T.Training_date, TR.T_fullname AS Trainer, C.C_fullname AS Customer
                                     FROM TRAINING T
                                     JOIN Training_type TT ON T.Id_training_type = TT.Id_training_type
                                     JOIN TRAINER TR ON T.Id_trainer = TR.Id_trainer
                                     JOIN CUSTOMER C ON T.Id_customer = C.Id_customer
07.05.2025 22:46:54: [INFO] Parameterized query executed successfully: SELECT T.Id_training_type, TT.training_type_name, T.Training_date, TR.T_fullname AS Trainer, C.C_fullname AS Customer
                              FROM TRAINING T
                              JOIN Training_type TT ON T.Id_training_type = TT.Id_training_type
                              JOIN TRAINER TR ON T.Id_trainer = TR.Id_trainer
                              JOIN CUSTOMER C ON T.Id_customer = C.Id_customer
                              WHERE CAST(T.Training_date AS DATE) = @date
07.05.2025 22:46:58: [INFO] Parameterized query executed successfully: SELECT T.Id_training_type, TT.training_type_name, T.Training_date, TR.T_fullname AS Trainer, C.C_fullname AS Customer
                              FROM TRAINING T
                              JOIN Training_type TT ON T.Id_training_type = TT.Id_training_type
                              JOIN TRAINER TR ON T.Id_trainer = TR.Id_trainer
                              JOIN CUSTOMER C ON T.Id_customer = C.Id_customer
                              WHERE CAST(T.Training_date AS DATE) = @date
07.05.2025 22:47:01: [INFO] Query executed successfully: SELECT A.Id_abonement, A.VALIDITY, AT.abonement_type_name
                                     FROM ABONEMENT A
                                     JOIN Abonement_type AT ON A.Id_abonement_type = AT.Id_abonement_type
07.05.2025 22:47:02: [INFO] Parameterized query executed successfully: SELECT A.Id_abonement, A.VALIDITY, AT.abonement_type_name
                              FROM ABONEMENT A
                              JOIN Abonement_type AT ON A.Id_abonement_type = AT.Id_abonement_type
                              WHERE A.Id_abonement_type = @typeId
07.05.2025 22:47:03: [INFO] Parameterized query executed successfully: SELECT A.Id_abonement, A.VALIDITY, AT.abonement_type_name
                              FROM ABONEMENT A
                              JOIN Abonement_type AT ON A.Id_abonement_type = AT.Id_abonement_type
                              WHERE A.Id_abonement_type = @typeId
07.05.2025 22:47:04: [INFO] Query executed successfully: SELECT T.Id_training_type, TT.training_type_name, T.Training_date, TR.T_fullname AS Trainer, C.C_fullname AS Customer
                                     FROM TRAINING T
                                     JOIN Training_type TT ON T.Id_training_type = TT.Id_training_type
                                     JOIN TRAINER TR ON T.Id_trainer = TR.Id_trainer
                                     JOIN CUSTOMER C ON T.Id_customer = C.Id_customer
07.05.2025 22:47:05: [INFO] Query executed successfully: SELECT A.Id_abonement, A.VALIDITY, AT.abonement_type_name
                                     FROM ABONEMENT A
                                     JOIN Abonement_type AT ON A.Id_abonement_type = AT.Id_abonement_type
07.05.2025 22:47:14: [INFO] Query executed successfully: SELECT A.Id_abonement, A.VALIDITY, AT.abonement_type_name
                                     FROM ABONEMENT A
                                     JOIN Abonement_type AT ON A.Id_abonement_type = AT.Id_abonement_type
07.05.2025 22:47:14: [INFO] Query executed successfully: SELECT A.Id_abonement, A.VALIDITY, AT.abonement_type_name
                                     FROM ABONEMENT A
                                     JOIN Abonement_type AT ON A.Id_abonement_type = AT.Id_abonement_type
07.05.2025 22:47:29: [ERROR] Parameterized query execution failed: Конфликт инструкции DELETE с ограничением REFERENCE "FK__CUSTOMER__Id_abo__49C3F6B7". Конфликт произошел в базе данных "Training", таблица "dbo.CUSTOMER", column 'Id_abonement'.
Выполнение данной инструкции было прервано.
Query: DELETE FROM ABONEMENT WHERE Id_abonement = @id
07.05.2025 22:47:44: [INFO] Query executed successfully: SELECT Id_abonement_type, abonement_type_name FROM Abonement_type
07.05.2025 22:47:44: [INFO] Query executed successfully: SELECT C.Id_customer, C.C_fullname, C.Customer_telefon_number, A.Id_abonement, AT.abonement_type_name
                                   FROM CUSTOMER C
                                   JOIN ABONEMENT A ON C.Id_abonement = A.Id_abonement
                                   JOIN Abonement_type AT ON A.Id_abonement_type = AT.Id_abonement_type
07.05.2025 22:47:46: [INFO] Query executed successfully: SELECT A.Id_abonement, A.VALIDITY, AT.abonement_type_name
                                     FROM ABONEMENT A
                                     JOIN Abonement_type AT ON A.Id_abonement_type = AT.Id_abonement_type
07.05.2025 22:47:48: [INFO] Query executed successfully: SELECT C.Id_customer, C.C_fullname, C.Customer_telefon_number, A.Id_abonement, AT.abonement_type_name
                                   FROM CUSTOMER C
                                   JOIN ABONEMENT A ON C.Id_abonement = A.Id_abonement
                                   JOIN Abonement_type AT ON A.Id_abonement_type = AT.Id_abonement_type
07.05.2025 22:47:50: [ERROR] Parameterized query execution failed: Конфликт инструкции DELETE с ограничением REFERENCE "FK__TRAINING__Id_cus__4D94879B". Конфликт произошел в базе данных "Training", таблица "dbo.TRAINING", column 'Id_customer'.
Выполнение данной инструкции было прервано.
Query: DELETE FROM CUSTOMER WHERE Id_customer = @id
07.05.2025 22:48:08: [INFO] Query executed successfully: SELECT Id_abonement_type, abonement_type_name FROM Abonement_type
07.05.2025 22:48:08: [INFO] Query executed successfully: SELECT C.Id_customer, C.C_fullname, C.Customer_telefon_number, A.Id_abonement, AT.abonement_type_name
                                   FROM CUSTOMER C
                                   JOIN ABONEMENT A ON C.Id_abonement = A.Id_abonement
                                   JOIN Abonement_type AT ON A.Id_abonement_type = AT.Id_abonement_type
07.05.2025 22:48:10: [INFO] Query executed successfully: SELECT Id_abonement, Id_abonement FROM ABONEMENT
07.05.2025 22:48:42: [INFO] Parameterized query executed successfully: SELECT COUNT(*) FROM CUSTOMER WHERE Id_customer = @Id
07.05.2025 22:48:55: [INFO] Parameterized query executed successfully: SELECT COUNT(*) FROM CUSTOMER WHERE Id_customer = @Id
07.05.2025 22:49:22: [INFO] Parameterized query executed successfully: SELECT COUNT(*) FROM CUSTOMER WHERE Id_customer = @Id
07.05.2025 22:49:25: [INFO] Query executed successfully: SELECT Id_abonement, Id_abonement FROM ABONEMENT
07.05.2025 22:49:27: [INFO] Query executed successfully: SELECT Id_abonement, Id_abonement FROM ABONEMENT
07.05.2025 22:49:27: [INFO] Query executed successfully: SELECT * FROM CUSTOMER WHERE Id_customer = 1
07.05.2025 22:49:41: [INFO] Parameterized query executed successfully: SELECT C.Id_customer, C.C_fullname, C.Customer_telefon_number, A.Id_abonement, AT.abonement_type_name
                                   FROM CUSTOMER C
                                   JOIN ABONEMENT A ON C.Id_abonement = A.Id_abonement
                                   JOIN Abonement_type AT ON A.Id_abonement_type = AT.Id_abonement_type
                                   WHERE C.C_fullname LIKE @search
07.05.2025 22:49:55: [INFO] Query executed successfully: SELECT Id_abonement_type, abonement_type_name FROM Abonement_type
07.05.2025 22:49:55: [INFO] Query executed successfully: SELECT C.Id_customer, C.C_fullname, C.Customer_telefon_number, A.Id_abonement, AT.abonement_type_name
                                   FROM CUSTOMER C
                                   JOIN ABONEMENT A ON C.Id_abonement = A.Id_abonement
                                   JOIN Abonement_type AT ON A.Id_abonement_type = AT.Id_abonement_type
07.05.2025 22:49:56: [INFO] Query executed successfully: SELECT Id_abonement_type, Abonement_price, abonement_type_name FROM Abonement_type
07.05.2025 22:49:57: [INFO] Query executed successfully: SELECT Id_training_type, training_type_name FROM Training_type
07.05.2025 22:50:00: [INFO] Query executed successfully: SELECT Id_specialization, Specialozation_name FROM Specialization
07.05.2025 22:50:02: [INFO] Query executed successfully: SELECT A.Id_abonement, A.VALIDITY, AT.abonement_type_name
                                     FROM ABONEMENT A
                                     JOIN Abonement_type AT ON A.Id_abonement_type = AT.Id_abonement_type
07.05.2025 22:50:03: [INFO] Parameterized query executed successfully: SELECT A.Id_abonement, A.VALIDITY, AT.abonement_type_name
                              FROM ABONEMENT A
                              JOIN Abonement_type AT ON A.Id_abonement_type = AT.Id_abonement_type
                              WHERE A.Id_abonement_type = @typeId
07.05.2025 22:50:03: [INFO] Parameterized query executed successfully: SELECT A.Id_abonement, A.VALIDITY, AT.abonement_type_name
                              FROM ABONEMENT A
                              JOIN Abonement_type AT ON A.Id_abonement_type = AT.Id_abonement_type
                              WHERE A.Id_abonement_type = @typeId
07.05.2025 22:50:04: [INFO] Parameterized query executed successfully: SELECT A.Id_abonement, A.VALIDITY, AT.abonement_type_name
                              FROM ABONEMENT A
                              JOIN Abonement_type AT ON A.Id_abonement_type = AT.Id_abonement_type
                              WHERE A.Id_abonement_type = @typeId
07.05.2025 22:50:08: [INFO] Parameterized query executed successfully: SELECT A.Id_abonement, A.VALIDITY, AT.abonement_type_name
                              FROM ABONEMENT A
                              JOIN Abonement_type AT ON A.Id_abonement_type = AT.Id_abonement_type
                              WHERE A.Id_abonement_type = @typeId
07.05.2025 22:50:11: [INFO] Parameterized query executed successfully: SELECT A.Id_abonement, A.VALIDITY, AT.abonement_type_name
                              FROM ABONEMENT A
                              JOIN Abonement_type AT ON A.Id_abonement_type = AT.Id_abonement_type
                              WHERE A.Id_abonement_type = @typeId
07.05.2025 22:50:14: [INFO] Query executed successfully: SELECT T.Id_training_type, TT.training_type_name, T.Training_date, TR.T_fullname AS Trainer, C.C_fullname AS Customer
                                     FROM TRAINING T
                                     JOIN Training_type TT ON T.Id_training_type = TT.Id_training_type
                                     JOIN TRAINER TR ON T.Id_trainer = TR.Id_trainer
                                     JOIN CUSTOMER C ON T.Id_customer = C.Id_customer
07.05.2025 22:50:15: [INFO] Query executed successfully: SELECT T.Id_trainer, T.T_fullname, T.Trainer_telefon_number, S.Specialozation_name
                                   FROM TRAINER T
                                   JOIN Specialization S ON T.id_specialization = S.Id_specialization
07.05.2025 22:50:16: [INFO] Query executed successfully: SELECT C.Id_customer, C.C_fullname, C.Customer_telefon_number, A.Id_abonement, AT.abonement_type_name
                                   FROM CUSTOMER C
                                   JOIN ABONEMENT A ON C.Id_abonement = A.Id_abonement
                                   JOIN Abonement_type AT ON A.Id_abonement_type = AT.Id_abonement_type
07.05.2025 22:50:17: [INFO] Query executed successfully: SELECT T.Id_trainer, T.T_fullname, T.Trainer_telefon_number, S.Specialozation_name
                                   FROM TRAINER T
                                   JOIN Specialization S ON T.id_specialization = S.Id_specialization
07.05.2025 22:50:21: [INFO] Query executed successfully: SELECT T.Id_training_type, TT.training_type_name, T.Training_date, TR.T_fullname AS Trainer, C.C_fullname AS Customer
                                     FROM TRAINING T
                                     JOIN Training_type TT ON T.Id_training_type = TT.Id_training_type
                                     JOIN TRAINER TR ON T.Id_trainer = TR.Id_trainer
                                     JOIN CUSTOMER C ON T.Id_customer = C.Id_customer
07.05.2025 22:51:37: [INFO] Query executed successfully: SELECT Id_abonement_type, abonement_type_name FROM Abonement_type
07.05.2025 22:51:37: [INFO] Query executed successfully: SELECT C.Id_customer, C.C_fullname, C.Customer_telefon_number, A.Id_abonement, AT.abonement_type_name
                                   FROM CUSTOMER C
                                   JOIN ABONEMENT A ON C.Id_abonement = A.Id_abonement
                                   JOIN Abonement_type AT ON A.Id_abonement_type = AT.Id_abonement_type
07.05.2025 22:51:40: [INFO] Query executed successfully: SELECT SUM(Abonement_price) AS TotalPrice FROM Abonement_type
07.05.2025 22:51:44: [INFO] Query executed successfully: SELECT MIN(Abonement_price) AS MinPrice, MAX(Abonement_price) AS MaxPrice FROM Abonement_type
07.05.2025 22:51:46: [ERROR] Query execution failed: Не удалось найти столбец "dbo", определяемую пользователем функцию или агрегатную функцию "dbo.GetTrainerStatistics". Также возможно, имя является неоднозначным.
Query: SELECT T_fullname AS TrainerName, dbo.GetTrainerStatistics(Id_trainer) AS TrainingCount FROM TRAINER
07.05.2025 22:51:55: [ERROR] Query execution failed: Не удалось найти столбец "dbo", определяемую пользователем функцию или агрегатную функцию "dbo.GetTrainerStatistics". Также возможно, имя является неоднозначным.
Query: SELECT T_fullname AS TrainerName, dbo.GetTrainerStatistics(Id_trainer) AS TrainingCount FROM TRAINER
07.05.2025 22:52:11: [INFO] Query executed successfully: SELECT MIN(Abonement_price) AS MinPrice, MAX(Abonement_price) AS MaxPrice FROM Abonement_type
07.05.2025 22:52:13: [INFO] Query executed successfully: SELECT AVG(VALIDITY) AS AverageValidity FROM ABONEMENT
07.05.2025 22:52:15: [INFO] Query executed successfully: SELECT SUM(Abonement_price) AS TotalPrice FROM Abonement_type
07.05.2025 22:52:20: [INFO] Query executed successfully: SELECT SUM(Abonement_price) AS TotalPrice FROM Abonement_type
07.05.2025 22:52:23: [INFO] Query executed successfully:   
                       SELECT abonement_type_name, COUNT(C.Id_customer) AS CustomerCount  
                       FROM Abonement_type AT  
                       JOIN ABONEMENT A ON AT.Id_abonement_type = A.Id_abonement_type  
                       JOIN CUSTOMER C ON A.Id_abonement = C.Id_abonement  
                       GROUP BY abonement_type_name
07.05.2025 22:52:26: [INFO] Query executed successfully: SELECT Id_abonement_type, Abonement_price, abonement_type_name FROM Abonement_type
07.05.2025 22:52:27: [INFO] Query executed successfully: SELECT Id_training_type, training_type_name FROM Training_type
07.05.2025 22:52:27: [INFO] Query executed successfully: SELECT Id_abonement_type, Abonement_price, abonement_type_name FROM Abonement_type
07.05.2025 22:52:27: [INFO] Query executed successfully: SELECT A.Id_abonement, A.VALIDITY, AT.abonement_type_name
                                     FROM ABONEMENT A
                                     JOIN Abonement_type AT ON A.Id_abonement_type = AT.Id_abonement_type
07.05.2025 22:52:28: [INFO] Query executed successfully: SELECT Id_abonement_type, Abonement_price, abonement_type_name FROM Abonement_type
07.05.2025 22:52:49: [INFO] Query executed successfully: SELECT A.Id_abonement, A.VALIDITY, AT.abonement_type_name
                                     FROM ABONEMENT A
                                     JOIN Abonement_type AT ON A.Id_abonement_type = AT.Id_abonement_type
07.05.2025 22:52:51: [INFO] Query executed successfully: SELECT T.Id_training_type, TT.training_type_name, T.Training_date, TR.T_fullname AS Trainer, C.C_fullname AS Customer
                                     FROM TRAINING T
                                     JOIN Training_type TT ON T.Id_training_type = TT.Id_training_type
                                     JOIN TRAINER TR ON T.Id_trainer = TR.Id_trainer
                                     JOIN CUSTOMER C ON T.Id_customer = C.Id_customer
07.05.2025 22:52:51: [INFO] Query executed successfully: SELECT A.Id_abonement, A.VALIDITY, AT.abonement_type_name
                                     FROM ABONEMENT A
                                     JOIN Abonement_type AT ON A.Id_abonement_type = AT.Id_abonement_type
07.05.2025 22:52:52: [INFO] Query executed successfully: SELECT T.Id_training_type, TT.training_type_name, T.Training_date, TR.T_fullname AS Trainer, C.C_fullname AS Customer
                                     FROM TRAINING T
                                     JOIN Training_type TT ON T.Id_training_type = TT.Id_training_type
                                     JOIN TRAINER TR ON T.Id_trainer = TR.Id_trainer
                                     JOIN CUSTOMER C ON T.Id_customer = C.Id_customer
07.05.2025 22:52:52: [INFO] Query executed successfully: SELECT A.Id_abonement, A.VALIDITY, AT.abonement_type_name
                                     FROM ABONEMENT A
                                     JOIN Abonement_type AT ON A.Id_abonement_type = AT.Id_abonement_type
07.05.2025 22:52:53: [INFO] Query executed successfully: SELECT T.Id_training_type, TT.training_type_name, T.Training_date, TR.T_fullname AS Trainer, C.C_fullname AS Customer
                                     FROM TRAINING T
                                     JOIN Training_type TT ON T.Id_training_type = TT.Id_training_type
                                     JOIN TRAINER TR ON T.Id_trainer = TR.Id_trainer
                                     JOIN CUSTOMER C ON T.Id_customer = C.Id_customer
07.05.2025 22:52:54: [INFO] Query executed successfully: SELECT T.Id_trainer, T.T_fullname, T.Trainer_telefon_number, S.Specialozation_name
                                   FROM TRAINER T
                                   JOIN Specialization S ON T.id_specialization = S.Id_specialization
07.05.2025 22:52:59: [INFO] Parameterized query executed successfully: SELECT T.Id_trainer, T.T_fullname, T.Trainer_telefon_number, S.Specialozation_name
                                   FROM TRAINER T
                                   JOIN Specialization S ON T.id_specialization = S.Id_specialization
                                   WHERE T.T_fullname LIKE @search
07.05.2025 22:53:04: [INFO] Query executed successfully: SELECT T.Id_training_type, TT.training_type_name, T.Training_date, TR.T_fullname AS Trainer, C.C_fullname AS Customer
                                     FROM TRAINING T
                                     JOIN Training_type TT ON T.Id_training_type = TT.Id_training_type
                                     JOIN TRAINER TR ON T.Id_trainer = TR.Id_trainer
                                     JOIN CUSTOMER C ON T.Id_customer = C.Id_customer
07.05.2025 22:53:05: [INFO] Query executed successfully: SELECT T.Id_trainer, T.T_fullname, T.Trainer_telefon_number, S.Specialozation_name
                                   FROM TRAINER T
                                   JOIN Specialization S ON T.id_specialization = S.Id_specialization
07.05.2025 22:53:16: [INFO] Parameterized query executed successfully: SELECT T.Id_trainer, T.T_fullname, T.Trainer_telefon_number, S.Specialozation_name
                                   FROM TRAINER T
                                   JOIN Specialization S ON T.id_specialization = S.Id_specialization
                                   WHERE T.T_fullname LIKE @search
07.05.2025 22:53:21: [INFO] Query executed successfully: SELECT A.Id_abonement, A.VALIDITY, AT.abonement_type_name
                                     FROM ABONEMENT A
                                     JOIN Abonement_type AT ON A.Id_abonement_type = AT.Id_abonement_type
07.05.2025 22:53:21: [INFO] Query executed successfully: SELECT T.Id_training_type, TT.training_type_name, T.Training_date, TR.T_fullname AS Trainer, C.C_fullname AS Customer
                                     FROM TRAINING T
                                     JOIN Training_type TT ON T.Id_training_type = TT.Id_training_type
                                     JOIN TRAINER TR ON T.Id_trainer = TR.Id_trainer
                                     JOIN CUSTOMER C ON T.Id_customer = C.Id_customer
07.05.2025 22:53:22: [INFO] Query executed successfully: SELECT T.Id_trainer, T.T_fullname, T.Trainer_telefon_number, S.Specialozation_name
                                   FROM TRAINER T
                                   JOIN Specialization S ON T.id_specialization = S.Id_specialization
07.05.2025 22:53:26: [ERROR] Parameterized query execution failed: Невозможно удалить тренера, так как он привязан к тренировкам!
Транзакция завершилась в триггере. Выполнение пакета прервано.
Query: DELETE FROM TRAINER WHERE Id_trainer = @id
07.05.2025 22:53:34: [INFO] Query executed successfully: SELECT Id_abonement_type, abonement_type_name FROM Abonement_type
07.05.2025 22:53:34: [INFO] Query executed successfully: SELECT C.Id_customer, C.C_fullname, C.Customer_telefon_number, A.Id_abonement, AT.abonement_type_name
                                   FROM CUSTOMER C
                                   JOIN ABONEMENT A ON C.Id_abonement = A.Id_abonement
                                   JOIN Abonement_type AT ON A.Id_abonement_type = AT.Id_abonement_type
07.05.2025 22:53:38: [INFO] Query executed successfully: SELECT Id_abonement, Id_abonement FROM ABONEMENT
07.05.2025 22:56:55: [INFO] Query executed successfully: SELECT Id_abonement_type, abonement_type_name FROM Abonement_type
07.05.2025 22:56:55: [INFO] Query executed successfully: SELECT C.Id_customer, C.C_fullname, C.Customer_telefon_number, A.Id_abonement, AT.abonement_type_name
                                   FROM CUSTOMER C
                                   JOIN ABONEMENT A ON C.Id_abonement = A.Id_abonement
                                   JOIN Abonement_type AT ON A.Id_abonement_type = AT.Id_abonement_type
07.05.2025 22:56:57: [INFO] Query executed successfully: SELECT Id_abonement, Id_abonement FROM ABONEMENT
07.05.2025 22:56:57: [INFO] Query executed successfully: SELECT * FROM CUSTOMER WHERE Id_customer = 1
07.05.2025 22:57:00: [ERROR] Parameterized query execution failed: Конфликт инструкции DELETE с ограничением REFERENCE "FK__TRAINING__Id_cus__4D94879B". Конфликт произошел в базе данных "Training", таблица "dbo.TRAINING", column 'Id_customer'.
Выполнение данной инструкции было прервано.
Query: DELETE FROM CUSTOMER WHERE Id_customer = @id
07.05.2025 22:57:11: [INFO] Query executed successfully: SELECT Id_abonement_type, abonement_type_name FROM Abonement_type
07.05.2025 22:57:11: [INFO] Query executed successfully: SELECT C.Id_customer, C.C_fullname, C.Customer_telefon_number, A.Id_abonement, AT.abonement_type_name
                                   FROM CUSTOMER C
                                   JOIN ABONEMENT A ON C.Id_abonement = A.Id_abonement
                                   JOIN Abonement_type AT ON A.Id_abonement_type = AT.Id_abonement_type
07.05.2025 22:57:18: [INFO] Query executed successfully: SELECT T.Id_trainer, T.T_fullname, T.Trainer_telefon_number, S.Specialozation_name
                                   FROM TRAINER T
                                   JOIN Specialization S ON T.id_specialization = S.Id_specialization
07.05.2025 22:57:19: [INFO] Query executed successfully: SELECT T.Id_training_type, TT.training_type_name, T.Training_date, TR.T_fullname AS Trainer, C.C_fullname AS Customer
                                     FROM TRAINING T
                                     JOIN Training_type TT ON T.Id_training_type = TT.Id_training_type
                                     JOIN TRAINER TR ON T.Id_trainer = TR.Id_trainer
                                     JOIN CUSTOMER C ON T.Id_customer = C.Id_customer
07.05.2025 22:57:25: [INFO] Parameterized query executed successfully: SELECT T.Id_training_type, TT.training_type_name, T.Training_date, TR.T_fullname AS Trainer, C.C_fullname AS Customer
                              FROM TRAINING T
                              JOIN Training_type TT ON T.Id_training_type = TT.Id_training_type
                              JOIN TRAINER TR ON T.Id_trainer = TR.Id_trainer
                              JOIN CUSTOMER C ON T.Id_customer = C.Id_customer
                              WHERE CAST(T.Training_date AS DATE) = @date
07.05.2025 22:57:27: [INFO] Query executed successfully: SELECT Id_abonement_type, Abonement_price, abonement_type_name FROM Abonement_type
07.05.2025 22:57:28: [INFO] Query executed successfully: SELECT A.Id_abonement, A.VALIDITY, AT.abonement_type_name
                                     FROM ABONEMENT A
                                     JOIN Abonement_type AT ON A.Id_abonement_type = AT.Id_abonement_type
07.05.2025 22:57:28: [INFO] Query executed successfully: SELECT T.Id_training_type, TT.training_type_name, T.Training_date, TR.T_fullname AS Trainer, C.C_fullname AS Customer
                                     FROM TRAINING T
                                     JOIN Training_type TT ON T.Id_training_type = TT.Id_training_type
                                     JOIN TRAINER TR ON T.Id_trainer = TR.Id_trainer
                                     JOIN CUSTOMER C ON T.Id_customer = C.Id_customer
07.05.2025 22:57:29: [INFO] Query executed successfully: SELECT A.Id_abonement, A.VALIDITY, AT.abonement_type_name
                                     FROM ABONEMENT A
                                     JOIN Abonement_type AT ON A.Id_abonement_type = AT.Id_abonement_type
07.05.2025 22:57:29: [INFO] Query executed successfully: SELECT T.Id_training_type, TT.training_type_name, T.Training_date, TR.T_fullname AS Trainer, C.C_fullname AS Customer
                                     FROM TRAINING T
                                     JOIN Training_type TT ON T.Id_training_type = TT.Id_training_type
                                     JOIN TRAINER TR ON T.Id_trainer = TR.Id_trainer
                                     JOIN CUSTOMER C ON T.Id_customer = C.Id_customer
07.05.2025 22:57:50: [INFO] Parameterized query executed successfully: SELECT T.Id_training_type, TT.training_type_name, T.Training_date, TR.T_fullname AS Trainer, C.C_fullname AS Customer
                              FROM TRAINING T
                              JOIN Training_type TT ON T.Id_training_type = TT.Id_training_type
                              JOIN TRAINER TR ON T.Id_trainer = TR.Id_trainer
                              JOIN CUSTOMER C ON T.Id_customer = C.Id_customer
                              WHERE CAST(T.Training_date AS DATE) = @date
07.05.2025 22:57:51: [INFO] Parameterized query executed successfully: SELECT T.Id_training_type, TT.training_type_name, T.Training_date, TR.T_fullname AS Trainer, C.C_fullname AS Customer
                              FROM TRAINING T
                              JOIN Training_type TT ON T.Id_training_type = TT.Id_training_type
                              JOIN TRAINER TR ON T.Id_trainer = TR.Id_trainer
                              JOIN CUSTOMER C ON T.Id_customer = C.Id_customer
                              WHERE CAST(T.Training_date AS DATE) = @date
07.05.2025 22:57:53: [INFO] Query executed successfully: SELECT A.Id_abonement, A.VALIDITY, AT.abonement_type_name
                                     FROM ABONEMENT A
                                     JOIN Abonement_type AT ON A.Id_abonement_type = AT.Id_abonement_type
07.05.2025 22:57:54: [INFO] Query executed successfully: SELECT T.Id_training_type, TT.training_type_name, T.Training_date, TR.T_fullname AS Trainer, C.C_fullname AS Customer
                                     FROM TRAINING T
                                     JOIN Training_type TT ON T.Id_training_type = TT.Id_training_type
                                     JOIN TRAINER TR ON T.Id_trainer = TR.Id_trainer
                                     JOIN CUSTOMER C ON T.Id_customer = C.Id_customer
07.05.2025 22:57:54: [INFO] Query executed successfully: SELECT T.Id_trainer, T.T_fullname, T.Trainer_telefon_number, S.Specialozation_name
                                   FROM TRAINER T
                                   JOIN Specialization S ON T.id_specialization = S.Id_specialization
07.05.2025 22:57:55: [INFO] Query executed successfully: SELECT T.Id_training_type, TT.training_type_name, T.Training_date, TR.T_fullname AS Trainer, C.C_fullname AS Customer
                                     FROM TRAINING T
                                     JOIN Training_type TT ON T.Id_training_type = TT.Id_training_type
                                     JOIN TRAINER TR ON T.Id_trainer = TR.Id_trainer
                                     JOIN CUSTOMER C ON T.Id_customer = C.Id_customer
07.05.2025 22:57:56: [INFO] Query executed successfully: SELECT T.Id_trainer, T.T_fullname, T.Trainer_telefon_number, S.Specialozation_name
                                   FROM TRAINER T
                                   JOIN Specialization S ON T.id_specialization = S.Id_specialization
07.05.2025 22:58:11: [INFO] Query executed successfully: SELECT A.Id_abonement, A.VALIDITY, AT.abonement_type_name
                                     FROM ABONEMENT A
                                     JOIN Abonement_type AT ON A.Id_abonement_type = AT.Id_abonement_type
07.05.2025 22:58:24: [INFO] Query executed successfully: SELECT T.Id_training_type, TT.training_type_name, T.Training_date, TR.T_fullname AS Trainer, C.C_fullname AS Customer
                                     FROM TRAINING T
                                     JOIN Training_type TT ON T.Id_training_type = TT.Id_training_type
                                     JOIN TRAINER TR ON T.Id_trainer = TR.Id_trainer
                                     JOIN CUSTOMER C ON T.Id_customer = C.Id_customer
07.05.2025 22:58:26: [INFO] Query executed successfully: SELECT Id_abonement_type, Abonement_price, abonement_type_name FROM Abonement_type
07.05.2025 22:58:30: [INFO] Query executed successfully:   
                       SELECT abonement_type_name, COUNT(C.Id_customer) AS CustomerCount  
                       FROM Abonement_type AT  
                       JOIN ABONEMENT A ON AT.Id_abonement_type = A.Id_abonement_type  
                       JOIN CUSTOMER C ON A.Id_abonement = C.Id_abonement  
                       GROUP BY abonement_type_name
07.05.2025 22:58:32: [INFO] Query executed successfully: SELECT A.Id_abonement, A.VALIDITY, AT.abonement_type_name
                                     FROM ABONEMENT A
                                     JOIN Abonement_type AT ON A.Id_abonement_type = AT.Id_abonement_type
07.05.2025 22:58:33: [INFO] Query executed successfully: SELECT T.Id_training_type, TT.training_type_name, T.Training_date, TR.T_fullname AS Trainer, C.C_fullname AS Customer
                                     FROM TRAINING T
                                     JOIN Training_type TT ON T.Id_training_type = TT.Id_training_type
                                     JOIN TRAINER TR ON T.Id_trainer = TR.Id_trainer
                                     JOIN CUSTOMER C ON T.Id_customer = C.Id_customer
07.05.2025 22:58:34: [INFO] Query executed successfully: SELECT T.Id_trainer, T.T_fullname, T.Trainer_telefon_number, S.Specialozation_name
                                   FROM TRAINER T
                                   JOIN Specialization S ON T.id_specialization = S.Id_specialization
07.05.2025 22:58:40: [INFO] Query executed successfully: SELECT C.Id_customer, C.C_fullname, C.Customer_telefon_number, A.Id_abonement, AT.abonement_type_name
                                   FROM CUSTOMER C
                                   JOIN ABONEMENT A ON C.Id_abonement = A.Id_abonement
                                   JOIN Abonement_type AT ON A.Id_abonement_type = AT.Id_abonement_type
07.05.2025 23:01:50: [INFO] Query executed successfully: SELECT Id_abonement_type, abonement_type_name FROM Abonement_type
07.05.2025 23:01:50: [INFO] Query executed successfully: SELECT T.Id_trainer, T.T_fullname, T.Trainer_telefon_number, S.Specialozation_name
                                   FROM TRAINER T
                                   JOIN Specialization S ON T.id_specialization = S.Id_specialization
07.05.2025 23:02:25: [INFO] Query executed successfully: SELECT Id_abonement_type, abonement_type_name FROM Abonement_type
07.05.2025 23:02:25: [INFO] Query executed successfully: SELECT T.Id_trainer, T.T_fullname, T.Trainer_telefon_number, S.Specialozation_name
                                   FROM TRAINER T
                                   JOIN Specialization S ON T.id_specialization = S.Id_specialization
07.05.2025 23:02:35: [INFO] Query executed successfully: SELECT Id_abonement_type, abonement_type_name FROM Abonement_type
07.05.2025 23:02:35: [INFO] Query executed successfully: SELECT T.Id_trainer, T.T_fullname, T.Trainer_telefon_number, S.Specialozation_name
                                   FROM TRAINER T
                                   JOIN Specialization S ON T.id_specialization = S.Id_specialization
07.05.2025 23:04:31: [INFO] Query executed successfully: SELECT Id_abonement_type, abonement_type_name FROM Abonement_type
07.05.2025 23:04:31: [INFO] Query executed successfully: SELECT T.Id_trainer, T.T_fullname, T.Trainer_telefon_number, S.Specialozation_name
                                   FROM TRAINER T
                                   JOIN Specialization S ON T.id_specialization = S.Id_specialization
07.05.2025 23:08:53: [INFO] Query executed successfully: SELECT Id_abonement_type, abonement_type_name FROM Abonement_type
07.05.2025 23:08:53: [INFO] Query executed successfully: SELECT T.Id_trainer, T.T_fullname, T.Trainer_telefon_number, S.Specialozation_name
                                   FROM TRAINER T
                                   JOIN Specialization S ON T.id_specialization = S.Id_specialization
07.05.2025 23:08:57: [ERROR] Query execution failed: Не удалось найти столбец "dbo", определяемую пользователем функцию или агрегатную функцию "dbo.GetTrainerStatistics". Также возможно, имя является неоднозначным.
Query: SELECT T_fullname AS TrainerName, dbo.GetTrainerStatistics(Id_trainer) AS TrainingCount FROM TRAINER
07.05.2025 23:09:48: [INFO] Query executed successfully: SELECT Id_specialization, Specialozation_name FROM Specialization
07.05.2025 23:10:16: [INFO] Parameterized query executed successfully: SELECT COUNT(*) FROM TRAINER WHERE Id_trainer = @id
07.05.2025 23:10:20: [INFO] Parameterized query executed successfully: SELECT COUNT(*) FROM TRAINER WHERE Id_trainer = @id
07.05.2025 23:10:20: [INFO] Parameterized query executed successfully: 
                            INSERT INTO TRAINER (Id_trainer, T_fullname, Trainer_telefon_number, id_specialization)
                            VALUES (@id, @fullname, @phone, @specializationId)
07.05.2025 23:10:21: [INFO] Query executed successfully: SELECT T.Id_trainer, T.T_fullname, T.Trainer_telefon_number, S.Specialozation_name
                                   FROM TRAINER T
                                   JOIN Specialization S ON T.id_specialization = S.Id_specialization
07.05.2025 23:10:36: [INFO] Parameterized query executed successfully: DELETE FROM TRAINER WHERE Id_trainer = @id
07.05.2025 23:10:36: [INFO] Query executed successfully: SELECT T.Id_trainer, T.T_fullname, T.Trainer_telefon_number, S.Specialozation_name
                                   FROM TRAINER T
                                   JOIN Specialization S ON T.id_specialization = S.Id_specialization
07.05.2025 23:10:37: [INFO] Query executed successfully: SELECT Id_specialization, Specialozation_name FROM Specialization
07.05.2025 23:10:37: [INFO] Query executed successfully: SELECT * FROM TRAINER WHERE Id_trainer = 1
07.05.2025 23:10:56: [INFO] Parameterized query executed successfully: 
                            UPDATE TRAINER
                            SET T_fullname = @fullname,
                                Trainer_telefon_number = @phone,
                                id_specialization = @specializationId
                            WHERE Id_trainer = @id
07.05.2025 23:10:57: [INFO] Query executed successfully: SELECT T.Id_trainer, T.T_fullname, T.Trainer_telefon_number, S.Specialozation_name
                                   FROM TRAINER T
                                   JOIN Specialization S ON T.id_specialization = S.Id_specialization
07.05.2025 23:11:01: [ERROR] Parameterized query execution failed: Невозможно удалить тренера, так как он привязан к тренировкам!
Транзакция завершилась в триггере. Выполнение пакета прервано.
Query: DELETE FROM TRAINER WHERE Id_trainer = @id
07.05.2025 23:11:16: [INFO] Query executed successfully: SELECT Id_abonement_type, abonement_type_name FROM Abonement_type
07.05.2025 23:11:16: [INFO] Query executed successfully: SELECT T.Id_trainer, T.T_fullname, T.Trainer_telefon_number, S.Specialozation_name
                                   FROM TRAINER T
                                   JOIN Specialization S ON T.id_specialization = S.Id_specialization
07.05.2025 23:11:18: [INFO] Query executed successfully: SELECT Id_specialization, Specialozation_name FROM Specialization
07.05.2025 23:11:18: [INFO] Query executed successfully: SELECT * FROM TRAINER WHERE Id_trainer = 1
07.05.2025 23:11:21: [INFO] Query executed successfully: SELECT Id_abonement_type, Abonement_price, abonement_type_name FROM Abonement_type
07.05.2025 23:11:22: [INFO] Query executed successfully: SELECT * FROM Abonement_type WHERE Id_abonement_type = 1
07.05.2025 23:11:25: [INFO] Parameterized query executed successfully: 
                            UPDATE Abonement_type
                            SET Abonement_price = @price,
                                abonement_type_name = @name
                            WHERE Id_abonement_type = @id
07.05.2025 23:11:26: [INFO] Query executed successfully: SELECT Id_abonement_type, Abonement_price, abonement_type_name FROM Abonement_type
07.05.2025 23:11:29: [INFO] Query executed successfully: SELECT * FROM Abonement_type WHERE Id_abonement_type = 1
07.05.2025 23:11:31: [INFO] Parameterized query executed successfully: 
                            UPDATE Abonement_type
                            SET Abonement_price = @price,
                                abonement_type_name = @name
                            WHERE Id_abonement_type = @id
07.05.2025 23:11:32: [INFO] Query executed successfully: SELECT Id_abonement_type, Abonement_price, abonement_type_name FROM Abonement_type
07.05.2025 23:11:35: [INFO] Query executed successfully: SELECT A.Id_abonement, A.VALIDITY, AT.abonement_type_name
                                     FROM ABONEMENT A
                                     JOIN Abonement_type AT ON A.Id_abonement_type = AT.Id_abonement_type
07.05.2025 23:11:36: [INFO] Query executed successfully: SELECT Id_abonement_type, abonement_type_name FROM Abonement_type
07.05.2025 23:11:36: [INFO] Query executed successfully: SELECT * FROM ABONEMENT WHERE Id_abonement = 1
07.05.2025 23:11:38: [INFO] Parameterized query executed successfully: 
                            UPDATE ABONEMENT
                            SET VALIDITY = @validity,
                                Id_abonement_type = @abonementTypeId
                            WHERE Id_abonement = @id
07.05.2025 23:11:39: [INFO] Query executed successfully: SELECT A.Id_abonement, A.VALIDITY, AT.abonement_type_name
                                     FROM ABONEMENT A
                                     JOIN Abonement_type AT ON A.Id_abonement_type = AT.Id_abonement_type
07.05.2025 23:11:40: [INFO] Query executed successfully: SELECT Id_abonement_type, Abonement_price, abonement_type_name FROM Abonement_type
07.05.2025 23:11:42: [INFO] Query executed successfully: SELECT * FROM Abonement_type WHERE Id_abonement_type = 1
07.05.2025 23:11:46: [INFO] Parameterized query executed successfully: 
                            UPDATE Abonement_type
                            SET Abonement_price = @price,
                                abonement_type_name = @name
                            WHERE Id_abonement_type = @id
07.05.2025 23:11:46: [INFO] Query executed successfully: SELECT Id_abonement_type, Abonement_price, abonement_type_name FROM Abonement_type
07.05.2025 23:11:48: [INFO] Query executed successfully: SELECT Id_training_type, training_type_name FROM Training_type
07.05.2025 23:11:50: [INFO] Query executed successfully: SELECT * FROM Training_type WHERE Id_training_type = 1
07.05.2025 23:11:55: [INFO] Parameterized query executed successfully: 
                            UPDATE Training_type
                            SET training_type_name = @name
                            WHERE Id_training_type = @id
07.05.2025 23:11:56: [INFO] Query executed successfully: SELECT Id_training_type, training_type_name FROM Training_type
07.05.2025 23:11:57: [INFO] Query executed successfully: SELECT Id_specialization, Specialozation_name FROM Specialization
07.05.2025 23:11:58: [INFO] Parameterized query executed successfully: SELECT Id_specialization, Specialozation_name FROM Specialization WHERE Id_specialization = @id
07.05.2025 23:12:00: [INFO] Non-query executed successfully: UPDATE Specialization SET Specialozation_name = @name WHERE Id_specialization = @id
07.05.2025 23:12:00: [INFO] Query executed successfully: SELECT Id_specialization, Specialozation_name FROM Specialization
07.05.2025 23:12:02: [INFO] Parameterized query executed successfully: SELECT Id_specialization, Specialozation_name FROM Specialization WHERE Id_specialization = @id
07.05.2025 23:12:04: [INFO] Query executed successfully: SELECT T.Id_trainer, T.T_fullname, T.Trainer_telefon_number, S.Specialozation_name
                                   FROM TRAINER T
                                   JOIN Specialization S ON T.id_specialization = S.Id_specialization
07.05.2025 23:12:05: [INFO] Query executed successfully: SELECT T.Id_training_type, TT.training_type_name, T.Training_date, TR.T_fullname AS Trainer, C.C_fullname AS Customer
                                     FROM TRAINING T
                                     JOIN Training_type TT ON T.Id_training_type = TT.Id_training_type
                                     JOIN TRAINER TR ON T.Id_trainer = TR.Id_trainer
                                     JOIN CUSTOMER C ON T.Id_customer = C.Id_customer
07.05.2025 23:12:06: [INFO] Query executed successfully: SELECT Id_training_type, training_type_name FROM Training_type
07.05.2025 23:12:06: [INFO] Query executed successfully: SELECT Id_trainer, T_fullname FROM TRAINER
07.05.2025 23:12:07: [INFO] Query executed successfully: SELECT Id_customer, C_fullname FROM CUSTOMER
07.05.2025 23:12:07: [INFO] Parameterized query executed successfully: 
                    SELECT Id_training_type, Training_date, Id_trainer, Id_customer
                    FROM TRAINING
                    WHERE Id_training_type = @trainingTypeId AND Training_date = @trainingDate
07.05.2025 23:12:28: [INFO] Parameterized query executed successfully: DELETE FROM TRAINING WHERE Id_training_type = @id AND Training_date = @date
07.05.2025 23:12:28: [INFO] Query executed successfully: SELECT T.Id_training_type, TT.training_type_name, T.Training_date, TR.T_fullname AS Trainer, C.C_fullname AS Customer
                                     FROM TRAINING T
                                     JOIN Training_type TT ON T.Id_training_type = TT.Id_training_type
                                     JOIN TRAINER TR ON T.Id_trainer = TR.Id_trainer
                                     JOIN CUSTOMER C ON T.Id_customer = C.Id_customer
07.05.2025 23:12:32: [INFO] Parameterized query executed successfully: DELETE FROM TRAINING WHERE Id_training_type = @id AND Training_date = @date
07.05.2025 23:12:32: [INFO] Query executed successfully: SELECT T.Id_training_type, TT.training_type_name, T.Training_date, TR.T_fullname AS Trainer, C.C_fullname AS Customer
                                     FROM TRAINING T
                                     JOIN Training_type TT ON T.Id_training_type = TT.Id_training_type
                                     JOIN TRAINER TR ON T.Id_trainer = TR.Id_trainer
                                     JOIN CUSTOMER C ON T.Id_customer = C.Id_customer
07.05.2025 23:12:33: [INFO] Query executed successfully: SELECT Id_training_type, training_type_name FROM Training_type
07.05.2025 23:12:33: [INFO] Query executed successfully: SELECT Id_trainer, T_fullname FROM TRAINER
07.05.2025 23:12:33: [INFO] Query executed successfully: SELECT Id_customer, C_fullname FROM CUSTOMER
07.05.2025 23:12:45: [INFO] Parameterized query executed successfully: 
                            SELECT COUNT(*) FROM TRAINING
                            WHERE Id_training_type = @trainingTypeId AND Training_date = @trainingDate
07.05.2025 23:13:28: [INFO] Parameterized query executed successfully: 
                            SELECT COUNT(*) FROM TRAINING
                            WHERE Id_training_type = @trainingTypeId AND Training_date = @trainingDate
07.05.2025 23:13:53: [INFO] Query executed successfully: SELECT T.Id_trainer, T.T_fullname, T.Trainer_telefon_number, S.Specialozation_name
                                   FROM TRAINER T
                                   JOIN Specialization S ON T.id_specialization = S.Id_specialization
07.05.2025 23:13:55: [INFO] Query executed successfully: SELECT Id_specialization, Specialozation_name FROM Specialization
07.05.2025 23:13:55: [INFO] Query executed successfully: SELECT * FROM TRAINER WHERE Id_trainer = 1
07.05.2025 23:13:58: [INFO] Query executed successfully: SELECT Id_specialization, Specialozation_name FROM Specialization
07.05.2025 23:14:22: [INFO] Parameterized query executed successfully: SELECT COUNT(*) FROM TRAINER WHERE Id_trainer = @id
07.05.2025 23:14:22: [INFO] Parameterized query executed successfully: 
                            INSERT INTO TRAINER (Id_trainer, T_fullname, Trainer_telefon_number, id_specialization)
                            VALUES (@id, @fullname, @phone, @specializationId)
07.05.2025 23:14:23: [INFO] Query executed successfully: SELECT T.Id_trainer, T.T_fullname, T.Trainer_telefon_number, S.Specialozation_name
                                   FROM TRAINER T
                                   JOIN Specialization S ON T.id_specialization = S.Id_specialization
07.05.2025 23:14:26: [INFO] Query executed successfully: SELECT T.Id_training_type, TT.training_type_name, T.Training_date, TR.T_fullname AS Trainer, C.C_fullname AS Customer
                                     FROM TRAINING T
                                     JOIN Training_type TT ON T.Id_training_type = TT.Id_training_type
                                     JOIN TRAINER TR ON T.Id_trainer = TR.Id_trainer
                                     JOIN CUSTOMER C ON T.Id_customer = C.Id_customer
07.05.2025 23:14:27: [INFO] Query executed successfully: SELECT T.Id_trainer, T.T_fullname, T.Trainer_telefon_number, S.Specialozation_name
                                   FROM TRAINER T
                                   JOIN Specialization S ON T.id_specialization = S.Id_specialization
07.05.2025 23:14:31: [ERROR] Parameterized query execution failed: Невозможно удалить тренера, так как он привязан к тренировкам!
Транзакция завершилась в триггере. Выполнение пакета прервано.
Query: DELETE FROM TRAINER WHERE Id_trainer = @id
07.05.2025 23:14:36: [INFO] Query executed successfully: SELECT Id_abonement_type, abonement_type_name FROM Abonement_type
07.05.2025 23:14:36: [INFO] Query executed successfully: SELECT T.Id_trainer, T.T_fullname, T.Trainer_telefon_number, S.Specialozation_name
                                   FROM TRAINER T
                                   JOIN Specialization S ON T.id_specialization = S.Id_specialization
07.05.2025 23:14:39: [INFO] Parameterized query executed successfully: DELETE FROM TRAINER WHERE Id_trainer = @id
07.05.2025 23:14:39: [INFO] Query executed successfully: SELECT T.Id_trainer, T.T_fullname, T.Trainer_telefon_number, S.Specialozation_name
                                   FROM TRAINER T
                                   JOIN Specialization S ON T.id_specialization = S.Id_specialization
07.05.2025 23:15:15: [ERROR] Parameterized query execution failed: Невозможно удалить тренера, так как он привязан к тренировкам!
Транзакция завершилась в триггере. Выполнение пакета прервано.
Query: DELETE FROM TRAINER WHERE Id_trainer = @id
07.05.2025 23:15:20: [INFO] Query executed successfully: SELECT Id_abonement_type, abonement_type_name FROM Abonement_type
07.05.2025 23:15:20: [INFO] Query executed successfully: SELECT T.Id_trainer, T.T_fullname, T.Trainer_telefon_number, S.Specialozation_name
                                   FROM TRAINER T
                                   JOIN Specialization S ON T.id_specialization = S.Id_specialization
07.05.2025 23:15:31: [INFO] Query executed successfully: SELECT T.Id_training_type, TT.training_type_name, T.Training_date, TR.T_fullname AS Trainer, C.C_fullname AS Customer
                                     FROM TRAINING T
                                     JOIN Training_type TT ON T.Id_training_type = TT.Id_training_type
                                     JOIN TRAINER TR ON T.Id_trainer = TR.Id_trainer
                                     JOIN CUSTOMER C ON T.Id_customer = C.Id_customer
07.05.2025 23:15:34: [INFO] Query executed successfully: SELECT Id_training_type, training_type_name FROM Training_type
07.05.2025 23:15:34: [INFO] Query executed successfully: SELECT Id_trainer, T_fullname FROM TRAINER
07.05.2025 23:15:34: [INFO] Query executed successfully: SELECT Id_customer, C_fullname FROM CUSTOMER
07.05.2025 23:15:37: [INFO] Parameterized query executed successfully: 
                            SELECT COUNT(*) FROM TRAINING
                            WHERE Id_training_type = @trainingTypeId AND Training_date = @trainingDate
07.05.2025 23:15:40: [INFO] Query executed successfully: SELECT Id_training_type, training_type_name FROM Training_type
07.05.2025 23:15:40: [INFO] Query executed successfully: SELECT Id_trainer, T_fullname FROM TRAINER
07.05.2025 23:15:40: [INFO] Query executed successfully: SELECT Id_customer, C_fullname FROM CUSTOMER
07.05.2025 23:15:40: [INFO] Parameterized query executed successfully: 
                    SELECT Id_training_type, Training_date, Id_trainer, Id_customer
                    FROM TRAINING
                    WHERE Id_training_type = @trainingTypeId AND Training_date = @trainingDate
07.05.2025 23:16:39: [INFO] Query executed successfully: SELECT A.Id_abonement, A.VALIDITY, AT.abonement_type_name
                                     FROM ABONEMENT A
                                     JOIN Abonement_type AT ON A.Id_abonement_type = AT.Id_abonement_type
07.05.2025 23:16:40: [INFO] Query executed successfully: SELECT Id_abonement_type, abonement_type_name FROM Abonement_type
07.05.2025 23:16:46: [INFO] Parameterized query executed successfully: SELECT COUNT(*) FROM ABONEMENT WHERE Id_abonement = @id
07.05.2025 23:16:46: [INFO] Parameterized query executed successfully: 
                            INSERT INTO ABONEMENT (Id_abonement, VALIDITY, Id_abonement_type)
                            VALUES (@id, @validity, @abonementTypeId)
07.05.2025 23:16:47: [INFO] Query executed successfully: SELECT A.Id_abonement, A.VALIDITY, AT.abonement_type_name
                                     FROM ABONEMENT A
                                     JOIN Abonement_type AT ON A.Id_abonement_type = AT.Id_abonement_type
07.05.2025 23:16:50: [ERROR] Parameterized query execution failed: Конфликт инструкции DELETE с ограничением REFERENCE "FK__CUSTOMER__Id_abo__49C3F6B7". Конфликт произошел в базе данных "Training", таблица "dbo.CUSTOMER", column 'Id_abonement'.
Выполнение данной инструкции было прервано.
Query: DELETE FROM ABONEMENT WHERE Id_abonement = @id
07.05.2025 23:17:10: [INFO] Query executed successfully: SELECT Id_abonement_type, abonement_type_name FROM Abonement_type
07.05.2025 23:17:10: [INFO] Query executed successfully: SELECT T.Id_trainer, T.T_fullname, T.Trainer_telefon_number, S.Specialozation_name
                                   FROM TRAINER T
                                   JOIN Specialization S ON T.id_specialization = S.Id_specialization
07.05.2025 23:17:12: [INFO] Query executed successfully: SELECT Id_abonement_type, Abonement_price, abonement_type_name FROM Abonement_type
07.05.2025 23:17:13: [INFO] Query executed successfully: SELECT A.Id_abonement, A.VALIDITY, AT.abonement_type_name
                                     FROM ABONEMENT A
                                     JOIN Abonement_type AT ON A.Id_abonement_type = AT.Id_abonement_type
07.05.2025 23:17:15: [INFO] Query executed successfully: SELECT Id_abonement_type, abonement_type_name FROM Abonement_type
07.05.2025 23:17:15: [INFO] Query executed successfully: SELECT * FROM ABONEMENT WHERE Id_abonement = 1
07.05.2025 23:17:19: [INFO] Parameterized query executed successfully: 
                            UPDATE ABONEMENT
                            SET VALIDITY = @validity,
                                Id_abonement_type = @abonementTypeId
                            WHERE Id_abonement = @id
07.05.2025 23:17:20: [INFO] Query executed successfully: SELECT A.Id_abonement, A.VALIDITY, AT.abonement_type_name
                                     FROM ABONEMENT A
                                     JOIN Abonement_type AT ON A.Id_abonement_type = AT.Id_abonement_type
07.05.2025 23:17:38: [INFO] Query executed successfully: SELECT Id_abonement_type, Abonement_price, abonement_type_name FROM Abonement_type
07.05.2025 23:18:05: [INFO] Query executed successfully: SELECT A.Id_abonement, A.VALIDITY, AT.abonement_type_name
                                     FROM ABONEMENT A
                                     JOIN Abonement_type AT ON A.Id_abonement_type = AT.Id_abonement_type
07.05.2025 23:18:06: [INFO] Query executed successfully: SELECT Id_abonement_type, Abonement_price, abonement_type_name FROM Abonement_type
07.05.2025 23:18:06: [INFO] Query executed successfully: SELECT A.Id_abonement, A.VALIDITY, AT.abonement_type_name
                                     FROM ABONEMENT A
                                     JOIN Abonement_type AT ON A.Id_abonement_type = AT.Id_abonement_type
07.05.2025 23:18:07: [INFO] Query executed successfully: SELECT Id_abonement_type, Abonement_price, abonement_type_name FROM Abonement_type
07.05.2025 23:18:08: [INFO] Query executed successfully: SELECT A.Id_abonement, A.VALIDITY, AT.abonement_type_name
                                     FROM ABONEMENT A
                                     JOIN Abonement_type AT ON A.Id_abonement_type = AT.Id_abonement_type
07.05.2025 23:18:09: [INFO] Query executed successfully: SELECT Id_abonement_type, Abonement_price, abonement_type_name FROM Abonement_type
07.05.2025 23:18:10: [INFO] Query executed successfully: SELECT A.Id_abonement, A.VALIDITY, AT.abonement_type_name
                                     FROM ABONEMENT A
                                     JOIN Abonement_type AT ON A.Id_abonement_type = AT.Id_abonement_type
07.05.2025 23:18:15: [INFO] Query executed successfully: SELECT Id_abonement_type, Abonement_price, abonement_type_name FROM Abonement_type
07.05.2025 23:18:48: [INFO] Query executed successfully: SELECT Id_abonement_type, abonement_type_name FROM Abonement_type
07.05.2025 23:18:48: [INFO] Query executed successfully: SELECT T.Id_trainer, T.T_fullname, T.Trainer_telefon_number, S.Specialozation_name
                                   FROM TRAINER T
                                   JOIN Specialization S ON T.id_specialization = S.Id_specialization
07.05.2025 23:18:50: [INFO] Query executed successfully: SELECT Id_abonement_type, Abonement_price, abonement_type_name FROM Abonement_type
07.05.2025 23:18:50: [INFO] Query executed successfully: SELECT Id_training_type, training_type_name FROM Training_type
07.05.2025 23:18:51: [INFO] Query executed successfully: SELECT Id_specialization, Specialozation_name FROM Specialization
07.05.2025 23:18:52: [INFO] Query executed successfully: SELECT Id_training_type, training_type_name FROM Training_type
07.05.2025 23:18:52: [INFO] Query executed successfully: SELECT Id_abonement_type, Abonement_price, abonement_type_name FROM Abonement_type
07.05.2025 23:18:52: [INFO] Query executed successfully: SELECT A.Id_abonement, A.VALIDITY, AT.abonement_type_name
                                     FROM ABONEMENT A
                                     JOIN Abonement_type AT ON A.Id_abonement_type = AT.Id_abonement_type
07.05.2025 23:18:55: [INFO] Query executed successfully: SELECT T.Id_training_type, TT.training_type_name, T.Training_date, TR.T_fullname AS Trainer, C.C_fullname AS Customer
                                     FROM TRAINING T
                                     JOIN Training_type TT ON T.Id_training_type = TT.Id_training_type
                                     JOIN TRAINER TR ON T.Id_trainer = TR.Id_trainer
                                     JOIN CUSTOMER C ON T.Id_customer = C.Id_customer
07.05.2025 23:18:58: [INFO] Query executed successfully: SELECT A.Id_abonement, A.VALIDITY, AT.abonement_type_name
                                     FROM ABONEMENT A
                                     JOIN Abonement_type AT ON A.Id_abonement_type = AT.Id_abonement_type
07.05.2025 23:18:58: [INFO] Query executed successfully: SELECT T.Id_training_type, TT.training_type_name, T.Training_date, TR.T_fullname AS Trainer, C.C_fullname AS Customer
                                     FROM TRAINING T
                                     JOIN Training_type TT ON T.Id_training_type = TT.Id_training_type
                                     JOIN TRAINER TR ON T.Id_trainer = TR.Id_trainer
                                     JOIN CUSTOMER C ON T.Id_customer = C.Id_customer
07.05.2025 23:19:00: [INFO] Query executed successfully: SELECT A.Id_abonement, A.VALIDITY, AT.abonement_type_name
                                     FROM ABONEMENT A
                                     JOIN Abonement_type AT ON A.Id_abonement_type = AT.Id_abonement_type
07.05.2025 23:20:51: [INFO] Query executed successfully: SELECT Id_abonement_type, abonement_type_name FROM Abonement_type
07.05.2025 23:20:51: [INFO] Query executed successfully: SELECT T.Id_trainer, T.T_fullname, T.Trainer_telefon_number, S.Specialozation_name
                                   FROM TRAINER T
                                   JOIN Specialization S ON T.id_specialization = S.Id_specialization
07.05.2025 23:20:59: [INFO] Query executed successfully: SELECT Id_specialization, Specialozation_name FROM Specialization
07.05.2025 23:20:59: [INFO] Query executed successfully: SELECT * FROM TRAINER WHERE Id_trainer = 7
07.05.2025 23:22:04: [INFO] Query executed successfully: SELECT Id_training_type, training_type_name FROM Training_type
07.05.2025 23:22:05: [INFO] Query executed successfully: SELECT Id_abonement_type, Abonement_price, abonement_type_name FROM Abonement_type
07.05.2025 23:22:06: [INFO] Query executed successfully: SELECT A.Id_abonement, A.VALIDITY, AT.abonement_type_name
                                     FROM ABONEMENT A
                                     JOIN Abonement_type AT ON A.Id_abonement_type = AT.Id_abonement_type
07.05.2025 23:22:06: [INFO] Query executed successfully: SELECT T.Id_training_type, TT.training_type_name, T.Training_date, TR.T_fullname AS Trainer, C.C_fullname AS Customer
                                     FROM TRAINING T
                                     JOIN Training_type TT ON T.Id_training_type = TT.Id_training_type
                                     JOIN TRAINER TR ON T.Id_trainer = TR.Id_trainer
                                     JOIN CUSTOMER C ON T.Id_customer = C.Id_customer
07.05.2025 23:22:08: [INFO] Query executed successfully: SELECT T.Id_trainer, T.T_fullname, T.Trainer_telefon_number, S.Specialozation_name
                                   FROM TRAINER T
                                   JOIN Specialization S ON T.id_specialization = S.Id_specialization
07.05.2025 23:31:32: [INFO] Query executed successfully: SELECT A.Id_abonement, A.VALIDITY, AT.abonement_type_name
                                     FROM ABONEMENT A
                                     JOIN Abonement_type AT ON A.Id_abonement_type = AT.Id_abonement_type
07.05.2025 23:31:33: [INFO] Query executed successfully: SELECT T.Id_training_type, TT.training_type_name, T.Training_date, TR.T_fullname AS Trainer, C.C_fullname AS Customer
                                     FROM TRAINING T
                                     JOIN Training_type TT ON T.Id_training_type = TT.Id_training_type
                                     JOIN TRAINER TR ON T.Id_trainer = TR.Id_trainer
                                     JOIN CUSTOMER C ON T.Id_customer = C.Id_customer
07.05.2025 23:31:34: [INFO] Query executed successfully: SELECT T.Id_trainer, T.T_fullname, T.Trainer_telefon_number, S.Specialozation_name
                                   FROM TRAINER T
                                   JOIN Specialization S ON T.id_specialization = S.Id_specialization
07.05.2025 23:31:44: [INFO] Query executed successfully: SELECT T.Id_training_type, TT.training_type_name, T.Training_date, TR.T_fullname AS Trainer, C.C_fullname AS Customer
                                     FROM TRAINING T
                                     JOIN Training_type TT ON T.Id_training_type = TT.Id_training_type
                                     JOIN TRAINER TR ON T.Id_trainer = TR.Id_trainer
                                     JOIN CUSTOMER C ON T.Id_customer = C.Id_customer
07.05.2025 23:31:45: [INFO] Query executed successfully: SELECT A.Id_abonement, A.VALIDITY, AT.abonement_type_name
                                     FROM ABONEMENT A
                                     JOIN Abonement_type AT ON A.Id_abonement_type = AT.Id_abonement_type
07.05.2025 23:31:45: [INFO] Query executed successfully: SELECT Id_abonement_type, Abonement_price, abonement_type_name FROM Abonement_type
07.05.2025 23:31:47: [INFO] Query executed successfully: SELECT A.Id_abonement, A.VALIDITY, AT.abonement_type_name
                                     FROM ABONEMENT A
                                     JOIN Abonement_type AT ON A.Id_abonement_type = AT.Id_abonement_type
07.05.2025 23:31:47: [INFO] Query executed successfully: SELECT Id_abonement_type, Abonement_price, abonement_type_name FROM Abonement_type
07.05.2025 23:31:48: [INFO] Query executed successfully: SELECT Id_training_type, training_type_name FROM Training_type
07.05.2025 23:31:48: [INFO] Query executed successfully: SELECT Id_abonement_type, Abonement_price, abonement_type_name FROM Abonement_type
07.05.2025 23:31:49: [INFO] Query executed successfully: SELECT Id_training_type, training_type_name FROM Training_type
07.05.2025 23:31:49: [INFO] Query executed successfully: SELECT Id_abonement_type, Abonement_price, abonement_type_name FROM Abonement_type
07.05.2025 23:31:52: [INFO] Query executed successfully: SELECT Id_training_type, training_type_name FROM Training_type
07.05.2025 23:31:58: [INFO] Query executed successfully: SELECT Id_abonement_type, Abonement_price, abonement_type_name FROM Abonement_type
07.05.2025 23:32:01: [INFO] Query executed successfully: SELECT A.Id_abonement, A.VALIDITY, AT.abonement_type_name
                                     FROM ABONEMENT A
                                     JOIN Abonement_type AT ON A.Id_abonement_type = AT.Id_abonement_type
07.05.2025 23:32:01: [INFO] Query executed successfully: SELECT Id_abonement_type, Abonement_price, abonement_type_name FROM Abonement_type
07.05.2025 23:32:01: [INFO] Query executed successfully: SELECT Id_training_type, training_type_name FROM Training_type
07.05.2025 23:32:02: [INFO] Query executed successfully: SELECT Id_abonement_type, Abonement_price, abonement_type_name FROM Abonement_type
07.05.2025 23:32:02: [INFO] Query executed successfully: SELECT A.Id_abonement, A.VALIDITY, AT.abonement_type_name
                                     FROM ABONEMENT A
                                     JOIN Abonement_type AT ON A.Id_abonement_type = AT.Id_abonement_type
07.05.2025 23:32:03: [INFO] Query executed successfully: SELECT Id_abonement_type, Abonement_price, abonement_type_name FROM Abonement_type
07.05.2025 23:32:03: [INFO] Query executed successfully: SELECT A.Id_abonement, A.VALIDITY, AT.abonement_type_name
                                     FROM ABONEMENT A
                                     JOIN Abonement_type AT ON A.Id_abonement_type = AT.Id_abonement_type
07.05.2025 23:32:04: [INFO] Query executed successfully: SELECT Id_abonement_type, Abonement_price, abonement_type_name FROM Abonement_type
07.05.2025 23:32:05: [INFO] Query executed successfully: SELECT A.Id_abonement, A.VALIDITY, AT.abonement_type_name
                                     FROM ABONEMENT A
                                     JOIN Abonement_type AT ON A.Id_abonement_type = AT.Id_abonement_type
07.05.2025 23:32:06: [INFO] Query executed successfully: SELECT Id_abonement_type, Abonement_price, abonement_type_name FROM Abonement_type
07.05.2025 23:32:08: [INFO] Query executed successfully: SELECT A.Id_abonement, A.VALIDITY, AT.abonement_type_name
                                     FROM ABONEMENT A
                                     JOIN Abonement_type AT ON A.Id_abonement_type = AT.Id_abonement_type
07.05.2025 23:32:10: [INFO] Query executed successfully: SELECT Id_abonement_type, Abonement_price, abonement_type_name FROM Abonement_type
07.05.2025 23:32:10: [INFO] Query executed successfully: SELECT A.Id_abonement, A.VALIDITY, AT.abonement_type_name
                                     FROM ABONEMENT A
                                     JOIN Abonement_type AT ON A.Id_abonement_type = AT.Id_abonement_type
07.05.2025 23:32:12: [INFO] Query executed successfully: SELECT Id_abonement_type, Abonement_price, abonement_type_name FROM Abonement_type
07.05.2025 23:32:14: [INFO] Query executed successfully: SELECT A.Id_abonement, A.VALIDITY, AT.abonement_type_name
                                     FROM ABONEMENT A
                                     JOIN Abonement_type AT ON A.Id_abonement_type = AT.Id_abonement_type
07.05.2025 23:32:14: [INFO] Query executed successfully: SELECT Id_abonement_type, Abonement_price, abonement_type_name FROM Abonement_type
07.05.2025 23:32:15: [INFO] Query executed successfully: SELECT A.Id_abonement, A.VALIDITY, AT.abonement_type_name
                                     FROM ABONEMENT A
                                     JOIN Abonement_type AT ON A.Id_abonement_type = AT.Id_abonement_type
07.05.2025 23:32:15: [INFO] Query executed successfully: SELECT Id_abonement_type, Abonement_price, abonement_type_name FROM Abonement_type
07.05.2025 23:32:16: [INFO] Query executed successfully: SELECT A.Id_abonement, A.VALIDITY, AT.abonement_type_name
                                     FROM ABONEMENT A
                                     JOIN Abonement_type AT ON A.Id_abonement_type = AT.Id_abonement_type
07.05.2025 23:32:17: [INFO] Query executed successfully: SELECT Id_abonement_type, Abonement_price, abonement_type_name FROM Abonement_type
07.05.2025 23:32:17: [INFO] Query executed successfully: SELECT A.Id_abonement, A.VALIDITY, AT.abonement_type_name
                                     FROM ABONEMENT A
                                     JOIN Abonement_type AT ON A.Id_abonement_type = AT.Id_abonement_type
07.05.2025 23:32:18: [INFO] Query executed successfully: SELECT Id_abonement_type, Abonement_price, abonement_type_name FROM Abonement_type
07.05.2025 23:32:18: [INFO] Query executed successfully: SELECT A.Id_abonement, A.VALIDITY, AT.abonement_type_name
                                     FROM ABONEMENT A
                                     JOIN Abonement_type AT ON A.Id_abonement_type = AT.Id_abonement_type
07.05.2025 23:32:19: [INFO] Query executed successfully: SELECT Id_abonement_type, Abonement_price, abonement_type_name FROM Abonement_type
07.05.2025 23:32:21: [INFO] Query executed successfully: SELECT A.Id_abonement, A.VALIDITY, AT.abonement_type_name
                                     FROM ABONEMENT A
                                     JOIN Abonement_type AT ON A.Id_abonement_type = AT.Id_abonement_type
07.05.2025 23:32:23: [INFO] Query executed successfully: SELECT Id_abonement_type, Abonement_price, abonement_type_name FROM Abonement_type
07.05.2025 23:32:26: [INFO] Query executed successfully: SELECT Id_training_type, training_type_name FROM Training_type
07.05.2025 23:32:29: [INFO] Query executed successfully: SELECT Id_specialization, Specialozation_name FROM Specialization
07.05.2025 23:32:31: [INFO] Query executed successfully: SELECT T.Id_trainer, T.T_fullname, T.Trainer_telefon_number, S.Specialozation_name
                                   FROM TRAINER T
                                   JOIN Specialization S ON T.id_specialization = S.Id_specialization
07.05.2025 23:32:33: [INFO] Query executed successfully: SELECT Id_specialization, Specialozation_name FROM Specialization
07.05.2025 23:32:35: [INFO] Query executed successfully: SELECT Id_training_type, training_type_name FROM Training_type
07.05.2025 23:32:35: [INFO] Query executed successfully: SELECT Id_abonement_type, Abonement_price, abonement_type_name FROM Abonement_type
07.05.2025 23:32:36: [INFO] Query executed successfully: SELECT Id_training_type, training_type_name FROM Training_type
07.05.2025 23:32:36: [INFO] Query executed successfully: SELECT Id_abonement_type, Abonement_price, abonement_type_name FROM Abonement_type
07.05.2025 23:32:37: [INFO] Query executed successfully: SELECT A.Id_abonement, A.VALIDITY, AT.abonement_type_name
                                     FROM ABONEMENT A
                                     JOIN Abonement_type AT ON A.Id_abonement_type = AT.Id_abonement_type
07.05.2025 23:32:39: [INFO] Query executed successfully: SELECT Id_abonement_type, Abonement_price, abonement_type_name FROM Abonement_type
07.05.2025 23:32:40: [INFO] Query executed successfully: SELECT A.Id_abonement, A.VALIDITY, AT.abonement_type_name
                                     FROM ABONEMENT A
                                     JOIN Abonement_type AT ON A.Id_abonement_type = AT.Id_abonement_type
07.05.2025 23:33:17: [INFO] Query executed successfully: SELECT Id_abonement_type, Abonement_price, abonement_type_name FROM Abonement_type
07.05.2025 23:33:18: [INFO] Query executed successfully: SELECT A.Id_abonement, A.VALIDITY, AT.abonement_type_name
                                     FROM ABONEMENT A
                                     JOIN Abonement_type AT ON A.Id_abonement_type = AT.Id_abonement_type
07.05.2025 23:33:30: [INFO] Query executed successfully: SELECT Id_abonement_type, Abonement_price, abonement_type_name FROM Abonement_type
07.05.2025 23:33:30: [INFO] Query executed successfully: SELECT Id_training_type, training_type_name FROM Training_type
07.05.2025 23:33:30: [INFO] Query executed successfully: SELECT Id_specialization, Specialozation_name FROM Specialization
07.05.2025 23:33:31: [INFO] Query executed successfully: SELECT Id_training_type, training_type_name FROM Training_type
07.05.2025 23:33:31: [INFO] Query executed successfully: SELECT Id_abonement_type, Abonement_price, abonement_type_name FROM Abonement_type
08.05.2025 0:20:07: [INFO] Query executed successfully: SELECT Id_abonement_type, abonement_type_name FROM Abonement_type
08.05.2025 0:20:07: [INFO] Query executed successfully: SELECT C.Id_customer, C.C_fullname, C.Customer_telefon_number, A.Id_abonement, AT.abonement_type_name
                                   FROM CUSTOMER C
                                   JOIN ABONEMENT A ON C.Id_abonement = A.Id_abonement
                                   JOIN Abonement_type AT ON A.Id_abonement_type = AT.Id_abonement_type
08.05.2025 0:20:14: [INFO] Query executed successfully: SELECT C.Id_customer, C.C_fullname, C.Customer_telefon_number, A.Id_abonement, AT.abonement_type_name
                                   FROM CUSTOMER C
                                   JOIN ABONEMENT A ON C.Id_abonement = A.Id_abonement
                                   JOIN Abonement_type AT ON A.Id_abonement_type = AT.Id_abonement_type
08.05.2025 0:20:15: [INFO] Query executed successfully: SELECT A.Id_abonement, A.VALIDITY, AT.abonement_type_name, AT.Abonement_price
                                     FROM ABONEMENT A
                                     JOIN Abonement_type AT ON A.Id_abonement_type = AT.Id_abonement_type
08.05.2025 0:20:16: [INFO] Query executed successfully: SELECT Id_abonement_type, abonement_type_name, Abonement_price FROM Abonement_type
08.05.2025 0:20:18: [INFO] Query executed successfully: SELECT Id_training_type, training_type_name FROM Training_type
08.05.2025 0:20:24: [INFO] Query executed successfully:   
                       SELECT abonement_type_name, COUNT(C.Id_customer) AS CustomerCount  
                       FROM Abonement_type AT  
                       JOIN ABONEMENT A ON AT.Id_abonement_type = A.Id_abonement_type  
                       JOIN CUSTOMER C ON A.Id_abonement = C.Id_abonement  
                       GROUP BY abonement_type_name
08.05.2025 0:20:31: [ERROR] Query execution failed: Не удалось найти столбец "dbo", определяемую пользователем функцию или агрегатную функцию "dbo.GetTrainerStatistics". Также возможно, имя является неоднозначным.
Query: SELECT T_fullname AS TrainerName, dbo.GetTrainerStatistics(Id_trainer) AS TrainingCount FROM TRAINER
08.05.2025 0:20:41: [INFO] Query executed successfully: SELECT Id_specialization, Specialozation_name FROM Specialization
08.05.2025 0:21:18: [INFO] Query executed successfully: SELECT C.Id_customer, C.C_fullname, C.Customer_telefon_number, A.Id_abonement, AT.abonement_type_name
                                   FROM CUSTOMER C
                                   JOIN ABONEMENT A ON C.Id_abonement = A.Id_abonement
                                   JOIN Abonement_type AT ON A.Id_abonement_type = AT.Id_abonement_type
08.05.2025 0:21:22: [INFO] Query executed successfully: SELECT C.Id_customer, C.C_fullname, C.Customer_telefon_number, A.Id_abonement, AT.abonement_type_name
                                   FROM CUSTOMER C
                                   JOIN ABONEMENT A ON C.Id_abonement = A.Id_abonement
                                   JOIN Abonement_type AT ON A.Id_abonement_type = AT.Id_abonement_type
08.05.2025 0:21:27: [INFO] Parameterized query executed successfully: SELECT C.Id_customer, C.C_fullname, C.Customer_telefon_number, A.Id_abonement, AT.abonement_type_name
                                   FROM CUSTOMER C
                                   JOIN ABONEMENT A ON C.Id_abonement = A.Id_abonement
                                   JOIN Abonement_type AT ON A.Id_abonement_type = AT.Id_abonement_type
                                   WHERE C.C_fullname LIKE @search
08.05.2025 0:21:29: [INFO] Query executed successfully: SELECT C.Id_customer, C.C_fullname, C.Customer_telefon_number, A.Id_abonement, AT.abonement_type_name
                                   FROM CUSTOMER C
                                   JOIN ABONEMENT A ON C.Id_abonement = A.Id_abonement
                                   JOIN Abonement_type AT ON A.Id_abonement_type = AT.Id_abonement_type
08.05.2025 0:21:35: [INFO] Query executed successfully: SELECT Id_abonement, Id_abonement FROM ABONEMENT
08.05.2025 0:21:35: [INFO] Query executed successfully: SELECT * FROM CUSTOMER WHERE Id_customer = 1
08.05.2025 0:23:00: [INFO] Query executed successfully: SELECT Id_abonement_type, abonement_type_name FROM Abonement_type
08.05.2025 0:23:00: [INFO] Query executed successfully: SELECT C.Id_customer, C.C_fullname, C.Customer_telefon_number, A.Id_abonement, AT.abonement_type_name
                                   FROM CUSTOMER C
                                   JOIN ABONEMENT A ON C.Id_abonement = A.Id_abonement
                                   JOIN Abonement_type AT ON A.Id_abonement_type = AT.Id_abonement_type
08.05.2025 0:23:05: [INFO] Query executed successfully: SELECT T.Id_trainer, T.T_fullname, T.Trainer_telefon_number, S.Specialozation_name
                                   FROM TRAINER T
                                   JOIN Specialization S ON T.id_specialization = S.Id_specialization
08.05.2025 0:23:07: [INFO] Query executed successfully: SELECT Id_specialization, Specialozation_name FROM Specialization
08.05.2025 0:23:07: [INFO] Query executed successfully: SELECT * FROM TRAINER WHERE Id_trainer = 1
08.05.2025 0:23:11: [INFO] Parameterized query executed successfully: 
                            UPDATE TRAINER
                            SET T_fullname = @fullname,
                                Trainer_telefon_number = @phone,
                                id_specialization = @specializationId
                            WHERE Id_trainer = @id
08.05.2025 0:23:12: [INFO] Query executed successfully: SELECT T.Id_trainer, T.T_fullname, T.Trainer_telefon_number, S.Specialozation_name
                                   FROM TRAINER T
                                   JOIN Specialization S ON T.id_specialization = S.Id_specialization
08.05.2025 0:23:14: [INFO] Parameterized query executed successfully: SELECT COUNT(*) FROM TRAINING WHERE Id_trainer = @id
08.05.2025 0:23:19: [INFO] Query executed successfully: SELECT Id_specialization, Specialozation_name FROM Specialization
08.05.2025 0:23:34: [INFO] Parameterized query executed successfully: SELECT COUNT(*) FROM TRAINER WHERE Id_trainer = @id
08.05.2025 0:23:34: [INFO] Parameterized query executed successfully: 
                            INSERT INTO TRAINER (Id_trainer, T_fullname, Trainer_telefon_number, id_specialization)
                            VALUES (@id, @fullname, @phone, @specializationId)
08.05.2025 0:23:35: [INFO] Query executed successfully: SELECT T.Id_trainer, T.T_fullname, T.Trainer_telefon_number, S.Specialozation_name
                                   FROM TRAINER T
                                   JOIN Specialization S ON T.id_specialization = S.Id_specialization
08.05.2025 0:23:37: [INFO] Parameterized query executed successfully: SELECT COUNT(*) FROM TRAINING WHERE Id_trainer = @id
08.05.2025 0:23:37: [INFO] Non-query executed successfully: DELETE FROM TRAINER WHERE Id_trainer = @id
08.05.2025 0:23:37: [INFO] Query executed successfully: SELECT T.Id_trainer, T.T_fullname, T.Trainer_telefon_number, S.Specialozation_name
                                   FROM TRAINER T
                                   JOIN Specialization S ON T.id_specialization = S.Id_specialization
08.05.2025 0:23:41: [INFO] Query executed successfully: SELECT T.Id_training_type, TT.training_type_name, T.Training_date, TR.T_fullname AS Trainer, C.C_fullname AS Customer
                                     FROM TRAINING T
                                     JOIN Training_type TT ON T.Id_training_type = TT.Id_training_type
                                     JOIN TRAINER TR ON T.Id_trainer = TR.Id_trainer
                                     JOIN CUSTOMER C ON T.Id_customer = C.Id_customer
08.05.2025 0:23:44: [INFO] Query executed successfully: SELECT Id_training_type, training_type_name FROM Training_type
08.05.2025 0:23:44: [INFO] Query executed successfully: SELECT Id_trainer, T_fullname FROM TRAINER
08.05.2025 0:23:44: [INFO] Query executed successfully: SELECT Id_customer, C_fullname FROM CUSTOMER
08.05.2025 0:23:44: [INFO] Parameterized query executed successfully: 
                    SELECT Id_training_type, Training_date, Id_trainer, Id_customer
                    FROM TRAINING
                    WHERE Id_training_type = @trainingTypeId AND Training_date = @trainingDate
08.05.2025 0:23:47: [INFO] Parameterized query executed successfully: SELECT T.Id_training_type, TT.training_type_name, T.Training_date, TR.T_fullname AS Trainer, C.C_fullname AS Customer
                              FROM TRAINING T
                              JOIN Training_type TT ON T.Id_training_type = TT.Id_training_type
                              JOIN TRAINER TR ON T.Id_trainer = TR.Id_trainer
                              JOIN CUSTOMER C ON T.Id_customer = C.Id_customer
                              WHERE CAST(T.Training_date AS DATE) = @date
08.05.2025 0:23:49: [INFO] Parameterized query executed successfully: SELECT T.Id_training_type, TT.training_type_name, T.Training_date, TR.T_fullname AS Trainer, C.C_fullname AS Customer
                              FROM TRAINING T
                              JOIN Training_type TT ON T.Id_training_type = TT.Id_training_type
                              JOIN TRAINER TR ON T.Id_trainer = TR.Id_trainer
                              JOIN CUSTOMER C ON T.Id_customer = C.Id_customer
                              WHERE CAST(T.Training_date AS DATE) = @date
08.05.2025 0:23:56: [INFO] Query executed successfully: SELECT T.Id_training_type, TT.training_type_name, T.Training_date, TR.T_fullname AS Trainer, C.C_fullname AS Customer
                                     FROM TRAINING T
                                     JOIN Training_type TT ON T.Id_training_type = TT.Id_training_type
                                     JOIN TRAINER TR ON T.Id_trainer = TR.Id_trainer
                                     JOIN CUSTOMER C ON T.Id_customer = C.Id_customer
08.05.2025 0:24:16: [INFO] Parameterized query executed successfully: SELECT T.Id_training_type, TT.training_type_name, T.Training_date, TR.T_fullname AS Trainer, C.C_fullname AS Customer
                              FROM TRAINING T
                              JOIN Training_type TT ON T.Id_training_type = TT.Id_training_type
                              JOIN TRAINER TR ON T.Id_trainer = TR.Id_trainer
                              JOIN CUSTOMER C ON T.Id_customer = C.Id_customer
                              WHERE CAST(T.Training_date AS DATE) = @date
08.05.2025 0:24:22: [INFO] Query executed successfully: SELECT T.Id_training_type, TT.training_type_name, T.Training_date, TR.T_fullname AS Trainer, C.C_fullname AS Customer
                                     FROM TRAINING T
                                     JOIN Training_type TT ON T.Id_training_type = TT.Id_training_type
                                     JOIN TRAINER TR ON T.Id_trainer = TR.Id_trainer
                                     JOIN CUSTOMER C ON T.Id_customer = C.Id_customer
08.05.2025 0:25:24: [INFO] Query executed successfully: SELECT Id_abonement_type, abonement_type_name FROM Abonement_type
08.05.2025 0:25:24: [INFO] Query executed successfully: SELECT C.Id_customer, C.C_fullname, C.Customer_telefon_number, A.Id_abonement, AT.abonement_type_name
                                   FROM CUSTOMER C
                                   JOIN ABONEMENT A ON C.Id_abonement = A.Id_abonement
                                   JOIN Abonement_type AT ON A.Id_abonement_type = AT.Id_abonement_type
08.05.2025 0:25:53: [INFO] Query executed successfully: SELECT Id_abonement_type, abonement_type_name FROM Abonement_type
08.05.2025 0:25:53: [INFO] Query executed successfully: SELECT C.Id_customer, C.C_fullname, C.Customer_telefon_number, A.Id_abonement, AT.abonement_type_name
                                   FROM CUSTOMER C
                                   JOIN ABONEMENT A ON C.Id_abonement = A.Id_abonement
                                   JOIN Abonement_type AT ON A.Id_abonement_type = AT.Id_abonement_type
08.05.2025 0:30:03: [INFO] Query executed successfully: SELECT Id_abonement_type, abonement_type_name FROM Abonement_type
08.05.2025 0:31:53: [INFO] Query executed successfully: SELECT Id_abonement_type, abonement_type_name FROM Abonement_type
08.05.2025 0:34:13: [INFO] Query executed successfully: SELECT Id_customer, C_fullname, Customer_telefon_number 
                                  FROM CUSTOMER
08.05.2025 0:34:13: [INFO] Query executed successfully: SELECT Id_customer, C_fullname, Customer_telefon_number 
                                  FROM CUSTOMER
